Compilación iniciada a las 29/10/2016 13:23:52.
     1>Proyecto "C:\Users\Alvaro\Documents\Visual Studio 2013\Projects\GraphGenerator\GraphGenerator\GraphGenerator.vcxproj" en el nodo 2 (Build destinos).
     1>ClCompile:
         C:\Program Files (x86)\Microsoft Visual Studio 12.0\VC\bin\CL.exe /c /I"C:\Users\Alvaro\Documents\Visual Studio 2013\Projects\GraphGenerator\packages\sfml-graphics.2.4.0.0\build\native\../..//build/native/include/" /I"C:\Users\Alvaro\Documents\Visual Studio 2013\Projects\GraphGenerator\packages\sfml-window.2.4.0.0\build\native\../..//build/native/include/" /I"C:\Users\Alvaro\Documents\Visual Studio 2013\Projects\GraphGenerator\packages\sfml-system.2.4.0.0\build\native\../..//build/native/include/" /ZI /nologo /W3 /WX- /sdl /Od /Oy- /D HAS_SFML /D HAS_SFML /D HAS_SFML /D WIN32 /D _DEBUG /D _WINDOWS /D _UNICODE /D UNICODE /Gm /EHsc /RTC1 /MDd /GS /fp:precise /Zc:wchar_t /Zc:forScope /Fo"Debug\\" /Fd"Debug\vc120.pdb" /Gd /TP /analyze- /errorReport:prompt Source.cpp
         Source.cpp
     1>c:\users\alvaro\documents\visual studio 2013\projects\graphgenerator\graphgenerator\graph.hpp(19): warning C4244: 'argumento' : conversión de 'time_t' a 'unsigned int'; posible pérdida de datos
     1>c:\users\alvaro\documents\visual studio 2013\projects\graphgenerator\graphgenerator\graph.hpp(24): warning C4018: '<' : no coinciden signed/unsigned
     1>c:\users\alvaro\documents\visual studio 2013\projects\graphgenerator\graphgenerator\graph.hpp(29): warning C4244: 'argumento' : conversión de 'int' a 'float'; posible pérdida de datos
     1>c:\users\alvaro\documents\visual studio 2013\projects\graphgenerator\graphgenerator\graph.hpp(37): warning C4018: '<' : no coinciden signed/unsigned
     1>c:\users\alvaro\documents\visual studio 2013\projects\graphgenerator\graphgenerator\graph.hpp(38): warning C4018: '<' : no coinciden signed/unsigned
     1>c:\users\alvaro\documents\visual studio 2013\projects\graphgenerator\graphgenerator\graph.hpp(57): warning C4018: '<' : no coinciden signed/unsigned
     1>c:\users\alvaro\documents\visual studio 2013\projects\graphgenerator\graphgenerator\graph.hpp(58): warning C4018: '<' : no coinciden signed/unsigned
     1>c:\users\alvaro\documents\visual studio 2013\projects\graphgenerator\graphgenerator\graph.hpp(68): warning C4244: 'inicializando' : conversión de 'float' a 'int'; posible pérdida de datos
     1>c:\users\alvaro\documents\visual studio 2013\projects\graphgenerator\graphgenerator\graph.hpp(69): warning C4018: '>' : no coinciden signed/unsigned
     1>c:\users\alvaro\documents\visual studio 2013\projects\graphgenerator\graphgenerator\graph.hpp(73): warning C4018: '<' : no coinciden signed/unsigned
     1>c:\users\alvaro\documents\visual studio 2013\projects\graphgenerator\graphgenerator\graph.hpp(90): warning C4018: '<' : no coinciden signed/unsigned
     1>c:\users\alvaro\documents\visual studio 2013\projects\graphgenerator\graphgenerator\graph.hpp(134): warning C4018: '<' : no coinciden signed/unsigned
     1>c:\users\alvaro\documents\visual studio 2013\projects\graphgenerator\graphgenerator\graph.hpp(160): warning C4018: '<' : no coinciden signed/unsigned
     1>c:\users\alvaro\documents\visual studio 2013\projects\graphgenerator\graphgenerator\graph.hpp(181): warning C4018: '<' : no coinciden signed/unsigned
     1>c:\users\alvaro\documents\visual studio 2013\projects\graphgenerator\graphgenerator\graph.hpp(187): warning C4018: '<' : no coinciden signed/unsigned
     1>c:\users\alvaro\documents\visual studio 2013\projects\graphgenerator\graphgenerator\graph.hpp(194): warning C4018: '<' : no coinciden signed/unsigned
     1>c:\users\alvaro\documents\visual studio 2013\projects\graphgenerator\graphgenerator\graph.hpp(244): warning C4018: '<' : no coinciden signed/unsigned
     1>c:\users\alvaro\documents\visual studio 2013\projects\graphgenerator\graphgenerator\graph.hpp(253): warning C4018: '<' : no coinciden signed/unsigned
     1>c:\users\alvaro\documents\visual studio 2013\projects\graphgenerator\graphgenerator\graph.hpp(305): warning C4244: '=' : conversión de 'float' a 'unsigned int'; posible pérdida de datos
     1>c:\users\alvaro\documents\visual studio 2013\projects\graphgenerator\graphgenerator\graph.hpp(310): warning C4244: '=' : conversión de 'unsigned int' a 'float'; posible pérdida de datos
     1>c:\users\alvaro\documents\visual studio 2013\projects\graphgenerator\graphgenerator\graph.hpp(325): warning C4244: 'inicializando' : conversión de 'float' a 'unsigned int'; posible pérdida de datos
     1>c:\program files (x86)\microsoft visual studio 12.0\vc\include\algorithm(4108): warning C4244: 'argumento' : conversión de 'float' a 'const unsigned int'; posible pérdida de datos
     1>c:\users\alvaro\documents\visual studio 2013\projects\graphgenerator\graphgenerator\graph.hpp(434): warning C4244: 'return' : conversión de 'float' a 'int'; posible pérdida de datos
     1>c:\users\alvaro\documents\visual studio 2013\projects\graphgenerator\graphgenerator\graph.hpp(458): warning C4018: '<' : no coinciden signed/unsigned
     1>c:\users\alvaro\documents\visual studio 2013\projects\graphgenerator\graphgenerator\source.cpp(43): warning C4305: 'argumento' : truncamiento de 'double' a 'float'
     1>c:\users\alvaro\documents\visual studio 2013\projects\graphgenerator\graphgenerator\source.cpp(108): warning C4244: 'argumento' : conversión de 'double' a 'float'; posible pérdida de datos
       Link:
         C:\Program Files (x86)\Microsoft Visual Studio 12.0\VC\bin\link.exe /ERRORREPORT:PROMPT /OUT:"C:\Users\Alvaro\Documents\Visual Studio 2013\Projects\GraphGenerator\Debug\GraphGenerator.exe" /INCREMENTAL /NOLOGO "C:\Users\Alvaro\Documents\Visual Studio 2013\Projects\GraphGenerator\packages\sfml-graphics.2.4.0.0\build\native\../..//build/native/lib/Win32\v120\Debug\dynamic\sfml-graphics-d.lib" "C:\Users\Alvaro\Documents\Visual Studio 2013\Projects\GraphGenerator\packages\sfml-window.2.4.0.0\build\native\../..//build/native/lib/Win32\v120\Debug\dynamic\sfml-window-d.lib" "C:\Users\Alvaro\Documents\Visual Studio 2013\Projects\GraphGenerator\packages\sfml-system.2.4.0.0\build\native\../..//build/native/lib/Win32\vorbisfile.lib" "C:\Users\Alvaro\Documents\Visual Studio 2013\Projects\GraphGenerator\packages\sfml-system.2.4.0.0\build\native\../..//build/native/lib/Win32\vorbisenc.lib" "C:\Users\Alvaro\Documents\Visual Studio 2013\Projects\GraphGenerator\packages\sfml-system.2.4.0.0\build\native\../..//build/native/lib/Win32\vorbis.lib" "C:\Users\Alvaro\Documents\Visual Studio 2013\Projects\GraphGenerator\packages\sfml-system.2.4.0.0\build\native\../..//build/native/lib/Win32\openal32.lib" "C:\Users\Alvaro\Documents\Visual Studio 2013\Projects\GraphGenerator\packages\sfml-system.2.4.0.0\build\native\../..//build/native/lib/Win32\ogg.lib" "C:\Users\Alvaro\Documents\Visual Studio 2013\Projects\GraphGenerator\packages\sfml-system.2.4.0.0\build\native\../..//build/native/lib/Win32\jpeg.lib" "C:\Users\Alvaro\Documents\Visual Studio 2013\Projects\GraphGenerator\packages\sfml-system.2.4.0.0\build\native\../..//build/native/lib/Win32\freetype.lib" "C:\Users\Alvaro\Documents\Visual Studio 2013\Projects\GraphGenerator\packages\sfml-system.2.4.0.0\build\native\../..//build/native/lib/Win32\flac.lib" "C:\Users\Alvaro\Documents\Visual Studio 2013\Projects\GraphGenerator\packages\sfml-system.2.4.0.0\build\native\../..//build/native/lib/Win32\v120\Debug\dynamic\sfml-system-d.lib" "C:\Users\Alvaro\Documents\Visual Studio 2013\Projects\GraphGenerator\packages\sfml-system.2.4.0.0\build\native\../..//build/native/lib/Win32\v120\Debug\sfml-main-d.lib" kernel32.lib user32.lib gdi32.lib winspool.lib comdlg32.lib advapi32.lib shell32.lib ole32.lib oleaut32.lib uuid.lib odbc32.lib odbccp32.lib /MANIFEST /MANIFESTUAC:"level='asInvoker' uiAccess='false'" /manifest:embed /DEBUG /PDB:"C:\Users\Alvaro\Documents\Visual Studio 2013\Projects\GraphGenerator\Debug\GraphGenerator.pdb" /SUBSYSTEM:WINDOWS /TLBID:1 /DYNAMICBASE /NXCOMPAT /IMPLIB:"C:\Users\Alvaro\Documents\Visual Studio 2013\Projects\GraphGenerator\Debug\GraphGenerator.lib" /MACHINE:X86 Debug\ScrollBar.obj
         Debug\Source.obj
         GraphGenerator.vcxproj -> C:\Users\Alvaro\Documents\Visual Studio 2013\Projects\GraphGenerator\Debug\GraphGenerator.exe
     1>Compilación del proyecto terminada "C:\Users\Alvaro\Documents\Visual Studio 2013\Projects\GraphGenerator\GraphGenerator\GraphGenerator.vcxproj" (Build destinos).

Compilación correcta.

Tiempo transcurrido 00:00:01.07
