Build started 31/05/2017 18:28:59.
     1>Project "C:\Users\usuario_local\Documents\GitHub\GeneticGame\Juego\Juego\Juego.vcxproj" on node 2 (Rebuild target(s)).
     1>ClCompile:
         C:\software\programacion\MSVStudio2013\VC\bin\CL.exe /c /I"C:\Users\usuario_local\Documents\GitHub\GeneticGame\Juego\packages\sfml-audio.2.4.0.0\build\native\../..//build/native/include/" /I"C:\Users\usuario_local\Documents\GitHub\GeneticGame\Juego\packages\sfml-graphics.2.4.0.0\build\native\../..//build/native/include/" /I"C:\Users\usuario_local\Documents\GitHub\GeneticGame\Juego\packages\sfml-window.2.4.0.0\build\native\../..//build/native/include/" /I"C:\Users\usuario_local\Documents\GitHub\GeneticGame\Juego\packages\sfml-system.2.4.0.0\build\native\../..//build/native/include/" /ZI /nologo /W3 /WX- /sdl /Od /Oy- /D HAS_SFML /D HAS_SFML /D HAS_SFML /D HAS_SFML /D WIN32 /D _DEBUG /D _CONSOLE /D _LIB /D _UNICODE /D UNICODE /Gm /EHsc /RTC1 /MDd /GS /fp:precise /Zc:wchar_t /Zc:forScope /Fo"Debug\\" /Fd"Debug\vc120.pdb" /Gd /TP /analyze- /errorReport:prompt Entity.cpp GameState.cpp LivingEntity.cpp Main.cpp MenuState.cpp State.cpp StateStack.cpp Utils.cpp
         Utils.cpp
     1>c:\users\usuario_local\documents\github\geneticgame\juego\juego\utils.hpp(8): warning C4244: 'argument' : conversion from 'const int' to 'float', possible loss of data
     1>c:\users\usuario_local\documents\github\geneticgame\juego\juego\utils.hpp(13): warning C4244: 'argument' : conversion from 'const float' to 'int', possible loss of data
     1>c:\users\usuario_local\documents\github\geneticgame\juego\juego\utils.hpp(14): warning C4244: 'argument' : conversion from 'const float' to 'int', possible loss of data
     1>c:\users\usuario_local\documents\github\geneticgame\juego\juego\utils.hpp(15): warning C4244: 'argument' : conversion from 'const float' to 'int', possible loss of data
     1>c:\users\usuario_local\documents\github\geneticgame\juego\juego\utils.hpp(16): warning C4244: 'argument' : conversion from 'const float' to 'int', possible loss of data
         StateStack.cpp
         State.cpp
         MenuState.cpp
     1>c:\users\usuario_local\documents\github\geneticgame\juego\juego\utils.hpp(8): warning C4244: 'argument' : conversion from 'const int' to 'float', possible loss of data
     1>c:\users\usuario_local\documents\github\geneticgame\juego\juego\utils.hpp(13): warning C4244: 'argument' : conversion from 'const float' to 'int', possible loss of data
     1>c:\users\usuario_local\documents\github\geneticgame\juego\juego\utils.hpp(14): warning C4244: 'argument' : conversion from 'const float' to 'int', possible loss of data
     1>c:\users\usuario_local\documents\github\geneticgame\juego\juego\utils.hpp(15): warning C4244: 'argument' : conversion from 'const float' to 'int', possible loss of data
     1>c:\users\usuario_local\documents\github\geneticgame\juego\juego\utils.hpp(16): warning C4244: 'argument' : conversion from 'const float' to 'int', possible loss of data
     1>c:\users\usuario_local\documents\github\geneticgame\juego\juego\gen.hpp(11): warning C4244: 'argument' : conversion from 'time_t' to 'unsigned int', possible loss of data
     1>c:\users\usuario_local\documents\github\geneticgame\juego\juego\dungeon.hpp(109): warning C4244: '=' : conversion from 'double' to 'unsigned int', possible loss of data
     1>c:\users\usuario_local\documents\github\geneticgame\juego\juego\dungeon.hpp(110): warning C4018: '<' : signed/unsigned mismatch
     1>c:\users\usuario_local\documents\github\geneticgame\juego\juego\dungeon.hpp(112): warning C4244: '=' : conversion from 'double' to 'unsigned int', possible loss of data
     1>c:\users\usuario_local\documents\github\geneticgame\juego\juego\dungeon.hpp(113): warning C4018: '<' : signed/unsigned mismatch
     1>c:\users\usuario_local\documents\github\geneticgame\juego\juego\dungeon.hpp(115): warning C4244: '=' : conversion from 'double' to 'unsigned int', possible loss of data
     1>c:\users\usuario_local\documents\github\geneticgame\juego\juego\dungeon.hpp(116): warning C4018: '<' : signed/unsigned mismatch
     1>c:\users\usuario_local\documents\github\geneticgame\juego\juego\dungeon.hpp(118): warning C4244: '=' : conversion from 'double' to 'unsigned int', possible loss of data
     1>c:\users\usuario_local\documents\github\geneticgame\juego\juego\dungeon.hpp(119): warning C4018: '<' : signed/unsigned mismatch
     1>c:\users\usuario_local\documents\github\geneticgame\juego\juego\tilemap.hpp(41): warning C4244: 'argument' : conversion from 'unsigned int' to 'float', possible loss of data
     1>c:\users\usuario_local\documents\github\geneticgame\juego\juego\tilemap.hpp(42): warning C4244: 'argument' : conversion from 'unsigned int' to 'float', possible loss of data
     1>c:\users\usuario_local\documents\github\geneticgame\juego\juego\tilemap.hpp(43): warning C4244: 'argument' : conversion from 'unsigned int' to 'float', possible loss of data
     1>c:\users\usuario_local\documents\github\geneticgame\juego\juego\tilemap.hpp(44): warning C4244: 'argument' : conversion from 'unsigned int' to 'float', possible loss of data
     1>c:\users\usuario_local\documents\github\geneticgame\juego\juego\tilemap.hpp(47): warning C4244: 'argument' : conversion from 'unsigned int' to 'float', possible loss of data
     1>c:\users\usuario_local\documents\github\geneticgame\juego\juego\tilemap.hpp(48): warning C4244: 'argument' : conversion from 'unsigned int' to 'float', possible loss of data
     1>c:\users\usuario_local\documents\github\geneticgame\juego\juego\tilemap.hpp(49): warning C4244: 'argument' : conversion from 'unsigned int' to 'float', possible loss of data
     1>c:\users\usuario_local\documents\github\geneticgame\juego\juego\tilemap.hpp(50): warning C4244: 'argument' : conversion from 'unsigned int' to 'float', possible loss of data
     1>c:\users\usuario_local\documents\github\geneticgame\juego\juego\menustate.cpp(20): warning C4305: 'argument' : truncation from 'double' to 'float'
     1>c:\users\usuario_local\documents\github\geneticgame\juego\juego\grafo.hpp(58): warning C4244: 'argument' : conversion from 'time_t' to 'unsigned int', possible loss of data
                 c:\users\usuario_local\documents\github\geneticgame\juego\juego\grafo.hpp(56) : while compiling class template member function 'Grafo<Gen>::Grafo(void)'
                 c:\users\usuario_local\documents\github\geneticgame\juego\juego\cromosoma.hpp(19) : see reference to function template instantiation 'Grafo<Gen>::Grafo(void)' being compiled
                 c:\users\usuario_local\documents\github\geneticgame\juego\juego\cromosoma.hpp(165) : see reference to class template instantiation 'Grafo<Gen>' being compiled
     1>c:\users\usuario_local\documents\github\geneticgame\juego\juego\grafo.hpp(63): warning C4244: 'argument' : conversion from 'time_t' to 'unsigned int', possible loss of data
                 c:\users\usuario_local\documents\github\geneticgame\juego\juego\grafo.hpp(61) : while compiling class template member function 'Grafo<Gen>::Grafo(unsigned int,unsigned int,double)'
                 c:\users\usuario_local\documents\github\geneticgame\juego\juego\cromosoma.hpp(40) : see reference to function template instantiation 'Grafo<Gen>::Grafo(unsigned int,unsigned int,double)' being compiled
     1>c:\users\usuario_local\documents\github\geneticgame\juego\juego\grafo.hpp(70): warning C4244: 'initializing' : conversion from 'double' to 'unsigned int', possible loss of data
         Main.cpp
     1>c:\users\usuario_local\documents\github\geneticgame\juego\juego\utils.hpp(8): warning C4244: 'argument' : conversion from 'const int' to 'float', possible loss of data
     1>c:\users\usuario_local\documents\github\geneticgame\juego\juego\utils.hpp(13): warning C4244: 'argument' : conversion from 'const float' to 'int', possible loss of data
     1>c:\users\usuario_local\documents\github\geneticgame\juego\juego\utils.hpp(14): warning C4244: 'argument' : conversion from 'const float' to 'int', possible loss of data
     1>c:\users\usuario_local\documents\github\geneticgame\juego\juego\utils.hpp(15): warning C4244: 'argument' : conversion from 'const float' to 'int', possible loss of data
     1>c:\users\usuario_local\documents\github\geneticgame\juego\juego\utils.hpp(16): warning C4244: 'argument' : conversion from 'const float' to 'int', possible loss of data
         LivingEntity.cpp
     1>c:\users\usuario_local\documents\github\geneticgame\juego\juego\livingentity.cpp(57): warning C4244: 'initializing' : conversion from 'float' to 'int', possible loss of data
     1>c:\users\usuario_local\documents\github\geneticgame\juego\juego\livingentity.cpp(58): warning C4244: '=' : conversion from 'const int' to 'float', possible loss of data
     1>c:\users\usuario_local\documents\github\geneticgame\juego\juego\livingentity.cpp(59): warning C4244: 'return' : conversion from 'float' to 'unsigned int', possible loss of data
         GameState.cpp
     1>c:\users\usuario_local\documents\github\geneticgame\juego\juego\gen.hpp(11): warning C4244: 'argument' : conversion from 'time_t' to 'unsigned int', possible loss of data
     1>c:\users\usuario_local\documents\github\geneticgame\juego\juego\dungeon.hpp(109): warning C4244: '=' : conversion from 'double' to 'unsigned int', possible loss of data
     1>c:\users\usuario_local\documents\github\geneticgame\juego\juego\dungeon.hpp(110): warning C4018: '<' : signed/unsigned mismatch
     1>c:\users\usuario_local\documents\github\geneticgame\juego\juego\dungeon.hpp(112): warning C4244: '=' : conversion from 'double' to 'unsigned int', possible loss of data
     1>c:\users\usuario_local\documents\github\geneticgame\juego\juego\dungeon.hpp(113): warning C4018: '<' : signed/unsigned mismatch
     1>c:\users\usuario_local\documents\github\geneticgame\juego\juego\dungeon.hpp(115): warning C4244: '=' : conversion from 'double' to 'unsigned int', possible loss of data
     1>c:\users\usuario_local\documents\github\geneticgame\juego\juego\dungeon.hpp(116): warning C4018: '<' : signed/unsigned mismatch
     1>c:\users\usuario_local\documents\github\geneticgame\juego\juego\dungeon.hpp(118): warning C4244: '=' : conversion from 'double' to 'unsigned int', possible loss of data
     1>c:\users\usuario_local\documents\github\geneticgame\juego\juego\dungeon.hpp(119): warning C4018: '<' : signed/unsigned mismatch
     1>c:\users\usuario_local\documents\github\geneticgame\juego\juego\tilemap.hpp(41): warning C4244: 'argument' : conversion from 'unsigned int' to 'float', possible loss of data
     1>c:\users\usuario_local\documents\github\geneticgame\juego\juego\tilemap.hpp(42): warning C4244: 'argument' : conversion from 'unsigned int' to 'float', possible loss of data
     1>c:\users\usuario_local\documents\github\geneticgame\juego\juego\tilemap.hpp(43): warning C4244: 'argument' : conversion from 'unsigned int' to 'float', possible loss of data
     1>c:\users\usuario_local\documents\github\geneticgame\juego\juego\tilemap.hpp(44): warning C4244: 'argument' : conversion from 'unsigned int' to 'float', possible loss of data
     1>c:\users\usuario_local\documents\github\geneticgame\juego\juego\tilemap.hpp(47): warning C4244: 'argument' : conversion from 'unsigned int' to 'float', possible loss of data
     1>c:\users\usuario_local\documents\github\geneticgame\juego\juego\tilemap.hpp(48): warning C4244: 'argument' : conversion from 'unsigned int' to 'float', possible loss of data
     1>c:\users\usuario_local\documents\github\geneticgame\juego\juego\tilemap.hpp(49): warning C4244: 'argument' : conversion from 'unsigned int' to 'float', possible loss of data
     1>c:\users\usuario_local\documents\github\geneticgame\juego\juego\tilemap.hpp(50): warning C4244: 'argument' : conversion from 'unsigned int' to 'float', possible loss of data
     1>c:\users\usuario_local\documents\github\geneticgame\juego\juego\metodomutacion.hpp(26): warning C4101: 'vecinos2' : unreferenced local variable
     1>c:\users\usuario_local\documents\github\geneticgame\juego\juego\metodomutacion.hpp(234): warning C4101: 'vecinos2' : unreferenced local variable
     1>c:\users\usuario_local\documents\github\geneticgame\juego\juego\metodoseleccion.hpp(21): warning C4018: '<' : signed/unsigned mismatch
     1>c:\users\usuario_local\documents\github\geneticgame\juego\juego\metodoseleccion.hpp(24): warning C4018: '<' : signed/unsigned mismatch
     1>c:\users\usuario_local\documents\github\geneticgame\juego\juego\metodoseleccion.hpp(29): warning C4018: '<' : signed/unsigned mismatch
     1>c:\users\usuario_local\documents\github\geneticgame\juego\juego\metodoseleccion.hpp(49): warning C4018: '<' : signed/unsigned mismatch
     1>c:\users\usuario_local\documents\github\geneticgame\juego\juego\metodoseleccion.hpp(51): warning C4018: '<' : signed/unsigned mismatch
     1>c:\users\usuario_local\documents\github\geneticgame\juego\juego\metodoseleccion.hpp(57): warning C4018: '<' : signed/unsigned mismatch
     1>c:\users\usuario_local\documents\github\geneticgame\juego\juego\metodoseleccion.hpp(74): warning C4018: '<' : signed/unsigned mismatch
     1>c:\users\usuario_local\documents\github\geneticgame\juego\juego\metodoseleccion.hpp(105): warning C4018: '<' : signed/unsigned mismatch
     1>c:\users\usuario_local\documents\github\geneticgame\juego\juego\metodoseleccion.hpp(126): warning C4018: '<' : signed/unsigned mismatch
     1>c:\users\usuario_local\documents\github\geneticgame\juego\juego\metodoseleccion.hpp(131): warning C4018: '<' : signed/unsigned mismatch
     1>c:\users\usuario_local\documents\github\geneticgame\juego\juego\metodoseleccion.hpp(134): warning C4018: '<' : signed/unsigned mismatch
     1>c:\users\usuario_local\documents\github\geneticgame\juego\juego\metodoseleccion.hpp(140): warning C4018: '<' : signed/unsigned mismatch
     1>c:\users\usuario_local\documents\github\geneticgame\juego\juego\ag.hpp(37): warning C4018: '<' : signed/unsigned mismatch
     1>c:\users\usuario_local\documents\github\geneticgame\juego\juego\ag.hpp(56): warning C4018: '<' : signed/unsigned mismatch
     1>c:\users\usuario_local\documents\github\geneticgame\juego\juego\ag.hpp(59): warning C4018: '<' : signed/unsigned mismatch
     1>c:\users\usuario_local\documents\github\geneticgame\juego\juego\ag.hpp(132): warning C4018: '<' : signed/unsigned mismatch
     1>c:\users\usuario_local\documents\github\geneticgame\juego\juego\ag.hpp(155): warning C4018: '<' : signed/unsigned mismatch
     1>c:\users\usuario_local\documents\github\geneticgame\juego\juego\utils.hpp(8): warning C4244: 'argument' : conversion from 'const int' to 'float', possible loss of data
     1>c:\users\usuario_local\documents\github\geneticgame\juego\juego\utils.hpp(13): warning C4244: 'argument' : conversion from 'const float' to 'int', possible loss of data
     1>c:\users\usuario_local\documents\github\geneticgame\juego\juego\utils.hpp(14): warning C4244: 'argument' : conversion from 'const float' to 'int', possible loss of data
     1>c:\users\usuario_local\documents\github\geneticgame\juego\juego\utils.hpp(15): warning C4244: 'argument' : conversion from 'const float' to 'int', possible loss of data
     1>c:\users\usuario_local\documents\github\geneticgame\juego\juego\utils.hpp(16): warning C4244: 'argument' : conversion from 'const float' to 'int', possible loss of data
     1>c:\users\usuario_local\documents\github\geneticgame\juego\juego\grafo.hpp(58): warning C4244: 'argument' : conversion from 'time_t' to 'unsigned int', possible loss of data
                 c:\users\usuario_local\documents\github\geneticgame\juego\juego\grafo.hpp(56) : while compiling class template member function 'Grafo<Gen>::Grafo(void)'
                 c:\users\usuario_local\documents\github\geneticgame\juego\juego\cromosoma.hpp(19) : see reference to function template instantiation 'Grafo<Gen>::Grafo(void)' being compiled
                 c:\users\usuario_local\documents\github\geneticgame\juego\juego\cromosoma.hpp(165) : see reference to class template instantiation 'Grafo<Gen>' being compiled
     1>c:\users\usuario_local\documents\github\geneticgame\juego\juego\grafo.hpp(63): warning C4244: 'argument' : conversion from 'time_t' to 'unsigned int', possible loss of data
                 c:\users\usuario_local\documents\github\geneticgame\juego\juego\grafo.hpp(61) : while compiling class template member function 'Grafo<Gen>::Grafo(unsigned int,unsigned int,double)'
                 c:\users\usuario_local\documents\github\geneticgame\juego\juego\cromosoma.hpp(40) : see reference to function template instantiation 'Grafo<Gen>::Grafo(unsigned int,unsigned int,double)' being compiled
     1>c:\users\usuario_local\documents\github\geneticgame\juego\juego\grafo.hpp(70): warning C4244: 'initializing' : conversion from 'double' to 'unsigned int', possible loss of data
     1>c:\users\usuario_local\documents\github\geneticgame\juego\juego\grafo.hpp(294): warning C4244: 'initializing' : conversion from 'double' to 'unsigned int', possible loss of data
                 c:\users\usuario_local\documents\github\geneticgame\juego\juego\grafo.hpp(245) : while compiling class template member function 'Grafo<Gen> Grafo<Gen>::unirGrafo(Grafo<Gen>,Grafo<Gen>,double)'
                 c:\users\usuario_local\documents\github\geneticgame\juego\juego\metodocruce.hpp(30) : see reference to function template instantiation 'Grafo<Gen> Grafo<Gen>::unirGrafo(Grafo<Gen>,Grafo<Gen>,double)' being compiled
         Entity.cpp
         Generating Code...
       Link:
         C:\software\programacion\MSVStudio2013\VC\bin\link.exe /ERRORREPORT:PROMPT /OUT:"C:\Users\usuario_local\Documents\GitHub\GeneticGame\Juego\Debug\Juego.exe" /INCREMENTAL /NOLOGO "C:\Users\usuario_local\Documents\GitHub\GeneticGame\Juego\packages\sfml-audio.2.4.0.0\build\native\../..//build/native/lib/Win32\v120\Debug\dynamic\sfml-audio-d.lib" "C:\Users\usuario_local\Documents\GitHub\GeneticGame\Juego\packages\sfml-graphics.2.4.0.0\build\native\../..//build/native/lib/Win32\v120\Debug\dynamic\sfml-graphics-d.lib" "C:\Users\usuario_local\Documents\GitHub\GeneticGame\Juego\packages\sfml-window.2.4.0.0\build\native\../..//build/native/lib/Win32\v120\Debug\dynamic\sfml-window-d.lib" "C:\Users\usuario_local\Documents\GitHub\GeneticGame\Juego\packages\sfml-system.2.4.0.0\build\native\../..//build/native/lib/Win32\vorbisfile.lib" "C:\Users\usuario_local\Documents\GitHub\GeneticGame\Juego\packages\sfml-system.2.4.0.0\build\native\../..//build/native/lib/Win32\vorbisenc.lib" "C:\Users\usuario_local\Documents\GitHub\GeneticGame\Juego\packages\sfml-system.2.4.0.0\build\native\../..//build/native/lib/Win32\vorbis.lib" "C:\Users\usuario_local\Documents\GitHub\GeneticGame\Juego\packages\sfml-system.2.4.0.0\build\native\../..//build/native/lib/Win32\openal32.lib" "C:\Users\usuario_local\Documents\GitHub\GeneticGame\Juego\packages\sfml-system.2.4.0.0\build\native\../..//build/native/lib/Win32\ogg.lib" "C:\Users\usuario_local\Documents\GitHub\GeneticGame\Juego\packages\sfml-system.2.4.0.0\build\native\../..//build/native/lib/Win32\jpeg.lib" "C:\Users\usuario_local\Documents\GitHub\GeneticGame\Juego\packages\sfml-system.2.4.0.0\build\native\../..//build/native/lib/Win32\freetype.lib" "C:\Users\usuario_local\Documents\GitHub\GeneticGame\Juego\packages\sfml-system.2.4.0.0\build\native\../..//build/native/lib/Win32\flac.lib" "C:\Users\usuario_local\Documents\GitHub\GeneticGame\Juego\packages\sfml-system.2.4.0.0\build\native\../..//build/native/lib/Win32\v120\Debug\dynamic\sfml-system-d.lib" "C:\Users\usuario_local\Documents\GitHub\GeneticGame\Juego\packages\sfml-system.2.4.0.0\build\native\../..//build/native/lib/Win32\v120\Debug\sfml-main-d.lib" kernel32.lib user32.lib gdi32.lib winspool.lib comdlg32.lib advapi32.lib shell32.lib ole32.lib oleaut32.lib uuid.lib odbc32.lib odbccp32.lib /MANIFEST /MANIFESTUAC:"level='asInvoker' uiAccess='false'" /manifest:embed /DEBUG /PDB:"C:\Users\usuario_local\Documents\GitHub\GeneticGame\Juego\Debug\Juego.pdb" /SUBSYSTEM:CONSOLE /TLBID:1 /DYNAMICBASE /NXCOMPAT /IMPLIB:"C:\Users\usuario_local\Documents\GitHub\GeneticGame\Juego\Debug\Juego.lib" /MACHINE:X86 Debug\Entity.obj
         Debug\GameState.obj
         Debug\LivingEntity.obj
         Debug\Main.obj
         Debug\MenuState.obj
         Debug\State.obj
         Debug\StateStack.obj
         Debug\Utils.obj
         Juego.vcxproj -> C:\Users\usuario_local\Documents\GitHub\GeneticGame\Juego\Debug\Juego.exe
     1>Done Building Project "C:\Users\usuario_local\Documents\GitHub\GeneticGame\Juego\Juego\Juego.vcxproj" (Rebuild target(s)).

Build succeeded.

Time Elapsed 00:00:05.76
