c:\users\samuel\documents\github\geneticgame\juego\juego\debug\vc120.pdb
c:\users\samuel\documents\github\geneticgame\juego\juego\debug\vc120.idb
c:\users\samuel\documents\github\geneticgame\juego\juego\debug\enemy.obj
c:\users\samuel\documents\github\geneticgame\juego\juego\debug\entity.obj
c:\users\samuel\documents\github\geneticgame\juego\juego\debug\gameoverstate.obj
c:\users\samuel\documents\github\geneticgame\juego\juego\debug\gamestate.obj
c:\users\samuel\documents\github\geneticgame\juego\juego\debug\livingentity.obj
c:\users\samuel\documents\github\geneticgame\juego\juego\debug\loadingstate.obj
c:\users\samuel\documents\github\geneticgame\juego\juego\debug\main.obj
c:\users\samuel\documents\github\geneticgame\juego\juego\debug\menustate.obj
c:\users\samuel\documents\github\geneticgame\juego\juego\debug\paralleltask.obj
c:\users\samuel\documents\github\geneticgame\juego\juego\debug\pausestate.obj
c:\users\samuel\documents\github\geneticgame\juego\juego\debug\state.obj
c:\users\samuel\documents\github\geneticgame\juego\juego\debug\statestack.obj
c:\users\samuel\documents\github\geneticgame\juego\juego\debug\utils.obj
c:\users\samuel\documents\github\geneticgame\juego\debug\juego.ilk
c:\users\samuel\documents\github\geneticgame\juego\debug\juego.exe
c:\users\samuel\documents\github\geneticgame\juego\debug\juego.pdb
c:\users\samuel\documents\github\geneticgame\juego\juego\debug\juego.tlog\cl.command.1.tlog
c:\users\samuel\documents\github\geneticgame\juego\juego\debug\juego.tlog\cl.read.1.tlog
c:\users\samuel\documents\github\geneticgame\juego\juego\debug\juego.tlog\cl.write.1.tlog
c:\users\samuel\documents\github\geneticgame\juego\juego\debug\juego.tlog\link.command.1.tlog
c:\users\samuel\documents\github\geneticgame\juego\juego\debug\juego.tlog\link.read.1.tlog
c:\users\samuel\documents\github\geneticgame\juego\juego\debug\juego.tlog\link.write.1.tlog
